Apr 8, 2010 2:04:32 PM com.google.jstestdriver.ServerStartupAction run
INFO: Starting server...
Apr 8, 2010 2:04:32 PM org.mortbay.log.Slf4jLog info
INFO: Transparent ProxyServlet @ forward to http://localhost:9876
Apr 8, 2010 2:04:33 PM com.google.jstestdriver.BrowserHunter captureBrowser
INFO: Browser Captured: Firefox version 3.6.3 (1)
Apr 8, 2010 2:04:33 PM com.google.jstestdriver.BrowserQueryResponseServlet doPost
FINEST: POST: POST /query/1?start HTTP/1.1
Host: misko.i:9876
User-Agent: Mozilla/5.0 (Macintosh; U; Intel Mac OS X 10.5; en-US; rv:1.9.2.3) Gecko/20100401 Firefox/3.6.3
Accept: */*
Accept-Language: en-us,en;q=0.5
Accept-Encoding: gzip,deflate
Accept-Charset: ISO-8859-1,utf-8;q=0.7,*;q=0.7
Keep-Alive: 115
Connection: keep-alive
Referer: http://misko.i:9876/slave/1/Runnerstrict.html
X-Requested-With: XMLHttpRequest
Content-Length: 0
Content-Type: text/plain; charset=UTF-8
Pragma: no-cache
Cache-Control: no-cache


Apr 8, 2010 2:04:33 PM com.google.jstestdriver.BrowserQueryResponseServlet doPost
FINEST: POST: POST /query/1 HTTP/1.1
Host: misko.i:9876
User-Agent: Mozilla/5.0 (Macintosh; U; Intel Mac OS X 10.5; en-US; rv:1.9.2.3) Gecko/20100401 Firefox/3.6.3
Accept: */*
Accept-Language: en-us,en;q=0.5
Accept-Encoding: gzip,deflate
Accept-Charset: ISO-8859-1,utf-8;q=0.7,*;q=0.7
Keep-Alive: 115
Connection: keep-alive
Referer: http://misko.i:9876/slave/1/Runnerstrict.html
X-Requested-With: XMLHttpRequest
Content-Length: 0
Content-Type: text/plain; charset=UTF-8
Pragma: no-cache
Cache-Control: no-cache


Apr 8, 2010 2:04:36 PM com.google.jstestdriver.BrowserQueryResponseServlet doPost
FINEST: POST: POST /query/1?start HTTP/1.1
Host: misko.i:9876
User-Agent: Mozilla/5.0 (Macintosh; U; Intel Mac OS X 10.5; en-US; rv:1.9.2.3) Gecko/20100401 Firefox/3.6.3
Accept: */*
Accept-Language: en-us,en;q=0.5
Accept-Encoding: gzip,deflate
Accept-Charset: ISO-8859-1,utf-8;q=0.7,*;q=0.7
Keep-Alive: 115
Connection: keep-alive
Referer: http://misko.i:9876/slave/1/Runnerstrict.html
X-Requested-With: XMLHttpRequest
Content-Length: 0
Content-Type: text/plain; charset=UTF-8
Pragma: no-cache
Cache-Control: no-cache


Apr 8, 2010 2:04:43 PM com.google.jstestdriver.BrowserQueryResponseServlet doPost
FINEST: POST: POST /query/1 HTTP/1.1
Host: misko.i:9876
User-Agent: Mozilla/5.0 (Macintosh; U; Intel Mac OS X 10.5; en-US; rv:1.9.2.3) Gecko/20100401 Firefox/3.6.3
Accept: */*
Accept-Language: en-us,en;q=0.5
Accept-Encoding: gzip,deflate
Accept-Charset: ISO-8859-1,utf-8;q=0.7,*;q=0.7
Keep-Alive: 115
Connection: keep-alive
Referer: http://misko.i:9876/slave/1/Runnerstrict.html
X-Requested-With: XMLHttpRequest
Content-Length: 0
Content-Type: text/plain; charset=UTF-8
Pragma: no-cache
Cache-Control: no-cache


Apr 8, 2010 2:04:53 PM com.google.jstestdriver.BrowserQueryResponseServlet doPost
FINEST: POST: POST /query/1 HTTP/1.1
Host: misko.i:9876
User-Agent: Mozilla/5.0 (Macintosh; U; Intel Mac OS X 10.5; en-US; rv:1.9.2.3) Gecko/20100401 Firefox/3.6.3
Accept: */*
Accept-Language: en-us,en;q=0.5
Accept-Encoding: gzip,deflate
Accept-Charset: ISO-8859-1,utf-8;q=0.7,*;q=0.7
Keep-Alive: 115
Connection: keep-alive
Referer: http://misko.i:9876/slave/1/Runnerstrict.html
Content-Type: text/plain; charset=UTF-8
X-Requested-With: XMLHttpRequest
Content-Length: 0
Pragma: no-cache
Cache-Control: no-cache


Apr 8, 2010 2:05:04 PM com.google.jstestdriver.BrowserQueryResponseServlet doPost
FINEST: POST: POST /query/1 HTTP/1.1
Host: misko.i:9876
User-Agent: Mozilla/5.0 (Macintosh; U; Intel Mac OS X 10.5; en-US; rv:1.9.2.3) Gecko/20100401 Firefox/3.6.3
Accept: */*
Accept-Language: en-us,en;q=0.5
Accept-Encoding: gzip,deflate
Accept-Charset: ISO-8859-1,utf-8;q=0.7,*;q=0.7
Keep-Alive: 115
Connection: keep-alive
Referer: http://misko.i:9876/slave/1/Runnerstrict.html
X-Requested-With: XMLHttpRequest
Content-Length: 0
Content-Type: text/plain; charset=UTF-8
Pragma: no-cache
Cache-Control: no-cache


Apr 8, 2010 2:05:14 PM com.google.jstestdriver.BrowserQueryResponseServlet doPost
FINEST: POST: POST /query/1 HTTP/1.1
Host: misko.i:9876
User-Agent: Mozilla/5.0 (Macintosh; U; Intel Mac OS X 10.5; en-US; rv:1.9.2.3) Gecko/20100401 Firefox/3.6.3
Accept: */*
Accept-Language: en-us,en;q=0.5
Accept-Encoding: gzip,deflate
Accept-Charset: ISO-8859-1,utf-8;q=0.7,*;q=0.7
Keep-Alive: 115
Connection: keep-alive
Referer: http://misko.i:9876/slave/1/Runnerstrict.html
Content-Type: text/plain; charset=UTF-8
X-Requested-With: XMLHttpRequest
Content-Length: 0
Pragma: no-cache
Cache-Control: no-cache


Apr 8, 2010 2:05:24 PM com.google.jstestdriver.BrowserQueryResponseServlet doPost
FINEST: POST: POST /query/1 HTTP/1.1
Host: misko.i:9876
User-Agent: Mozilla/5.0 (Macintosh; U; Intel Mac OS X 10.5; en-US; rv:1.9.2.3) Gecko/20100401 Firefox/3.6.3
Accept: */*
Accept-Language: en-us,en;q=0.5
Accept-Encoding: gzip,deflate
Accept-Charset: ISO-8859-1,utf-8;q=0.7,*;q=0.7
Keep-Alive: 115
Connection: keep-alive
Referer: http://misko.i:9876/slave/1/Runnerstrict.html
X-Requested-With: XMLHttpRequest
Content-Length: 0
Content-Type: text/plain; charset=UTF-8
Pragma: no-cache
Cache-Control: no-cache


Apr 8, 2010 2:05:34 PM com.google.jstestdriver.BrowserQueryResponseServlet doPost
FINEST: POST: POST /query/1 HTTP/1.1
Host: misko.i:9876
User-Agent: Mozilla/5.0 (Macintosh; U; Intel Mac OS X 10.5; en-US; rv:1.9.2.3) Gecko/20100401 Firefox/3.6.3
Accept: */*
Accept-Language: en-us,en;q=0.5
Accept-Encoding: gzip,deflate
Accept-Charset: ISO-8859-1,utf-8;q=0.7,*;q=0.7
Keep-Alive: 115
Connection: keep-alive
Referer: http://misko.i:9876/slave/1/Runnerstrict.html
Content-Type: text/plain; charset=UTF-8
X-Requested-With: XMLHttpRequest
Content-Length: 0
Pragma: no-cache
Cache-Control: no-cache


Apr 8, 2010 2:05:44 PM com.google.jstestdriver.BrowserQueryResponseServlet doPost
FINEST: POST: POST /query/1 HTTP/1.1
Host: misko.i:9876
User-Agent: Mozilla/5.0 (Macintosh; U; Intel Mac OS X 10.5; en-US; rv:1.9.2.3) Gecko/20100401 Firefox/3.6.3
Accept: */*
Accept-Language: en-us,en;q=0.5
Accept-Encoding: gzip,deflate
Accept-Charset: ISO-8859-1,utf-8;q=0.7,*;q=0.7
Keep-Alive: 115
Connection: keep-alive
Referer: http://misko.i:9876/slave/1/Runnerstrict.html
Content-Type: text/plain; charset=UTF-8
X-Requested-With: XMLHttpRequest
Content-Length: 0
Pragma: no-cache
Cache-Control: no-cache


Apr 8, 2010 2:05:54 PM com.google.jstestdriver.BrowserQueryResponseServlet doPost
FINEST: POST: POST /query/1 HTTP/1.1
Host: misko.i:9876
User-Agent: Mozilla/5.0 (Macintosh; U; Intel Mac OS X 10.5; en-US; rv:1.9.2.3) Gecko/20100401 Firefox/3.6.3
Accept: */*
Accept-Language: en-us,en;q=0.5
Accept-Encoding: gzip,deflate
Accept-Charset: ISO-8859-1,utf-8;q=0.7,*;q=0.7
Keep-Alive: 115
Connection: keep-alive
Referer: http://misko.i:9876/slave/1/Runnerstrict.html
X-Requested-With: XMLHttpRequest
Content-Length: 0
Content-Type: text/plain; charset=UTF-8
Pragma: no-cache
Cache-Control: no-cache


Apr 8, 2010 2:06:04 PM com.google.jstestdriver.BrowserQueryResponseServlet doPost
FINEST: POST: POST /query/1 HTTP/1.1
Host: misko.i:9876
User-Agent: Mozilla/5.0 (Macintosh; U; Intel Mac OS X 10.5; en-US; rv:1.9.2.3) Gecko/20100401 Firefox/3.6.3
Accept: */*
Accept-Language: en-us,en;q=0.5
Accept-Encoding: gzip,deflate
Accept-Charset: ISO-8859-1,utf-8;q=0.7,*;q=0.7
Keep-Alive: 115
Connection: keep-alive
Referer: http://misko.i:9876/slave/1/Runnerstrict.html
Content-Type: text/plain; charset=UTF-8
X-Requested-With: XMLHttpRequest
Content-Length: 0
Pragma: no-cache
Cache-Control: no-cache


Apr 8, 2010 2:06:14 PM com.google.jstestdriver.BrowserQueryResponseServlet doPost
FINEST: POST: POST /query/1 HTTP/1.1
Host: misko.i:9876
User-Agent: Mozilla/5.0 (Macintosh; U; Intel Mac OS X 10.5; en-US; rv:1.9.2.3) Gecko/20100401 Firefox/3.6.3
Accept: */*
Accept-Language: en-us,en;q=0.5
Accept-Encoding: gzip,deflate
Accept-Charset: ISO-8859-1,utf-8;q=0.7,*;q=0.7
Keep-Alive: 115
Connection: keep-alive
Referer: http://misko.i:9876/slave/1/Runnerstrict.html
Content-Type: text/plain; charset=UTF-8
X-Requested-With: XMLHttpRequest
Content-Length: 0
Pragma: no-cache
Cache-Control: no-cache


Apr 8, 2010 2:06:24 PM com.google.jstestdriver.BrowserQueryResponseServlet doPost
FINEST: POST: POST /query/1 HTTP/1.1
Host: misko.i:9876
User-Agent: Mozilla/5.0 (Macintosh; U; Intel Mac OS X 10.5; en-US; rv:1.9.2.3) Gecko/20100401 Firefox/3.6.3
Accept: */*
Accept-Language: en-us,en;q=0.5
Accept-Encoding: gzip,deflate
Accept-Charset: ISO-8859-1,utf-8;q=0.7,*;q=0.7
Keep-Alive: 115
Connection: keep-alive
Referer: http://misko.i:9876/slave/1/Runnerstrict.html
X-Requested-With: XMLHttpRequest
Content-Length: 0
Content-Type: text/plain; charset=UTF-8
Pragma: no-cache
Cache-Control: no-cache


Apr 8, 2010 2:06:34 PM com.google.jstestdriver.BrowserQueryResponseServlet doPost
FINEST: POST: POST /query/1 HTTP/1.1
Host: misko.i:9876
User-Agent: Mozilla/5.0 (Macintosh; U; Intel Mac OS X 10.5; en-US; rv:1.9.2.3) Gecko/20100401 Firefox/3.6.3
Accept: */*
Accept-Language: en-us,en;q=0.5
Accept-Encoding: gzip,deflate
Accept-Charset: ISO-8859-1,utf-8;q=0.7,*;q=0.7
Keep-Alive: 115
Connection: keep-alive
Referer: http://misko.i:9876/slave/1/Runnerstrict.html
X-Requested-With: XMLHttpRequest
Content-Length: 0
Content-Type: text/plain; charset=UTF-8
Pragma: no-cache
Cache-Control: no-cache


Apr 8, 2010 2:06:44 PM com.google.jstestdriver.BrowserQueryResponseServlet doPost
FINEST: POST: POST /query/1 HTTP/1.1
Host: misko.i:9876
User-Agent: Mozilla/5.0 (Macintosh; U; Intel Mac OS X 10.5; en-US; rv:1.9.2.3) Gecko/20100401 Firefox/3.6.3
Accept: */*
Accept-Language: en-us,en;q=0.5
Accept-Encoding: gzip,deflate
Accept-Charset: ISO-8859-1,utf-8;q=0.7,*;q=0.7
Keep-Alive: 115
Connection: keep-alive
Referer: http://misko.i:9876/slave/1/Runnerstrict.html
Content-Type: text/plain; charset=UTF-8
X-Requested-With: XMLHttpRequest
Content-Length: 0
Pragma: no-cache
Cache-Control: no-cache


Apr 8, 2010 2:06:54 PM com.google.jstestdriver.BrowserQueryResponseServlet doPost
FINEST: POST: POST /query/1 HTTP/1.1
Host: misko.i:9876
User-Agent: Mozilla/5.0 (Macintosh; U; Intel Mac OS X 10.5; en-US; rv:1.9.2.3) Gecko/20100401 Firefox/3.6.3
Accept: */*
Accept-Language: en-us,en;q=0.5
Accept-Encoding: gzip,deflate
Accept-Charset: ISO-8859-1,utf-8;q=0.7,*;q=0.7
Keep-Alive: 115
Connection: keep-alive
Referer: http://misko.i:9876/slave/1/Runnerstrict.html
Content-Type: text/plain; charset=UTF-8
X-Requested-With: XMLHttpRequest
Content-Length: 0
Pragma: no-cache
Cache-Control: no-cache


Apr 8, 2010 2:07:04 PM com.google.jstestdriver.BrowserQueryResponseServlet doPost
FINEST: POST: POST /query/1 HTTP/1.1
Host: misko.i:9876
User-Agent: Mozilla/5.0 (Macintosh; U; Intel Mac OS X 10.5; en-US; rv:1.9.2.3) Gecko/20100401 Firefox/3.6.3
Accept: */*
Accept-Language: en-us,en;q=0.5
Accept-Encoding: gzip,deflate
Accept-Charset: ISO-8859-1,utf-8;q=0.7,*;q=0.7
Keep-Alive: 115
Connection: keep-alive
Referer: http://misko.i:9876/slave/1/Runnerstrict.html
Content-Type: text/plain; charset=UTF-8
X-Requested-With: XMLHttpRequest
Content-Length: 0
Pragma: no-cache
Cache-Control: no-cache


Apr 8, 2010 2:07:14 PM com.google.jstestdriver.BrowserQueryResponseServlet doPost
FINEST: POST: POST /query/1 HTTP/1.1
Host: misko.i:9876
User-Agent: Mozilla/5.0 (Macintosh; U; Intel Mac OS X 10.5; en-US; rv:1.9.2.3) Gecko/20100401 Firefox/3.6.3
Accept: */*
Accept-Language: en-us,en;q=0.5
Accept-Encoding: gzip,deflate
Accept-Charset: ISO-8859-1,utf-8;q=0.7,*;q=0.7
Keep-Alive: 115
Connection: keep-alive
Referer: http://misko.i:9876/slave/1/Runnerstrict.html
X-Requested-With: XMLHttpRequest
Content-Length: 0
Content-Type: text/plain; charset=UTF-8
Pragma: no-cache
Cache-Control: no-cache


Apr 8, 2010 2:07:24 PM com.google.jstestdriver.BrowserQueryResponseServlet doPost
FINEST: POST: POST /query/1 HTTP/1.1
Host: misko.i:9876
User-Agent: Mozilla/5.0 (Macintosh; U; Intel Mac OS X 10.5; en-US; rv:1.9.2.3) Gecko/20100401 Firefox/3.6.3
Accept: */*
Accept-Language: en-us,en;q=0.5
Accept-Encoding: gzip,deflate
Accept-Charset: ISO-8859-1,utf-8;q=0.7,*;q=0.7
Keep-Alive: 115
Connection: keep-alive
Referer: http://misko.i:9876/slave/1/Runnerstrict.html
X-Requested-With: XMLHttpRequest
Content-Length: 0
Content-Type: text/plain; charset=UTF-8
Pragma: no-cache
Cache-Control: no-cache


Apr 8, 2010 2:07:34 PM com.google.jstestdriver.BrowserQueryResponseServlet doPost
FINEST: POST: POST /query/1 HTTP/1.1
Host: misko.i:9876
User-Agent: Mozilla/5.0 (Macintosh; U; Intel Mac OS X 10.5; en-US; rv:1.9.2.3) Gecko/20100401 Firefox/3.6.3
Accept: */*
Accept-Language: en-us,en;q=0.5
Accept-Encoding: gzip,deflate
Accept-Charset: ISO-8859-1,utf-8;q=0.7,*;q=0.7
Keep-Alive: 115
Connection: keep-alive
Referer: http://misko.i:9876/slave/1/Runnerstrict.html
Pragma: no-cache
Cache-Control: no-cache
Content-Type: text/plain; charset=UTF-8
X-Requested-With: XMLHttpRequest
Content-Length: 0


Apr 8, 2010 2:07:44 PM com.google.jstestdriver.BrowserQueryResponseServlet doPost
FINEST: POST: POST /query/1 HTTP/1.1
Host: misko.i:9876
User-Agent: Mozilla/5.0 (Macintosh; U; Intel Mac OS X 10.5; en-US; rv:1.9.2.3) Gecko/20100401 Firefox/3.6.3
Accept: */*
Accept-Language: en-us,en;q=0.5
Accept-Encoding: gzip,deflate
Accept-Charset: ISO-8859-1,utf-8;q=0.7,*;q=0.7
Keep-Alive: 115
Connection: keep-alive
Referer: http://misko.i:9876/slave/1/Runnerstrict.html
Content-Type: text/plain; charset=UTF-8
X-Requested-With: XMLHttpRequest
Content-Length: 0
Pragma: no-cache
Cache-Control: no-cache


Apr 8, 2010 2:07:55 PM com.google.jstestdriver.BrowserQueryResponseServlet doPost
FINEST: POST: POST /query/1 HTTP/1.1
Host: misko.i:9876
User-Agent: Mozilla/5.0 (Macintosh; U; Intel Mac OS X 10.5; en-US; rv:1.9.2.3) Gecko/20100401 Firefox/3.6.3
Accept: */*
Accept-Language: en-us,en;q=0.5
Accept-Encoding: gzip,deflate
Accept-Charset: ISO-8859-1,utf-8;q=0.7,*;q=0.7
Keep-Alive: 115
Connection: keep-alive
Referer: http://misko.i:9876/slave/1/Runnerstrict.html
X-Requested-With: XMLHttpRequest
Content-Length: 0
Content-Type: text/plain; charset=UTF-8
Pragma: no-cache
Cache-Control: no-cache


Apr 8, 2010 2:08:05 PM com.google.jstestdriver.BrowserQueryResponseServlet doPost
FINEST: POST: POST /query/1 HTTP/1.1
Host: misko.i:9876
User-Agent: Mozilla/5.0 (Macintosh; U; Intel Mac OS X 10.5; en-US; rv:1.9.2.3) Gecko/20100401 Firefox/3.6.3
Accept: */*
Accept-Language: en-us,en;q=0.5
Accept-Encoding: gzip,deflate
Accept-Charset: ISO-8859-1,utf-8;q=0.7,*;q=0.7
Keep-Alive: 115
Connection: keep-alive
Referer: http://misko.i:9876/slave/1/Runnerstrict.html
X-Requested-With: XMLHttpRequest
Content-Length: 0
Content-Type: text/plain; charset=UTF-8
Pragma: no-cache
Cache-Control: no-cache


Apr 8, 2010 2:08:15 PM com.google.jstestdriver.BrowserQueryResponseServlet doPost
FINEST: POST: POST /query/1 HTTP/1.1
Host: misko.i:9876
User-Agent: Mozilla/5.0 (Macintosh; U; Intel Mac OS X 10.5; en-US; rv:1.9.2.3) Gecko/20100401 Firefox/3.6.3
Accept: */*
Accept-Language: en-us,en;q=0.5
Accept-Encoding: gzip,deflate
Accept-Charset: ISO-8859-1,utf-8;q=0.7,*;q=0.7
Keep-Alive: 115
Connection: keep-alive
Referer: http://misko.i:9876/slave/1/Runnerstrict.html
Content-Type: text/plain; charset=UTF-8
X-Requested-With: XMLHttpRequest
Content-Length: 0
Pragma: no-cache
Cache-Control: no-cache


Apr 8, 2010 2:08:25 PM com.google.jstestdriver.BrowserQueryResponseServlet doPost
FINEST: POST: POST /query/1 HTTP/1.1
Host: misko.i:9876
User-Agent: Mozilla/5.0 (Macintosh; U; Intel Mac OS X 10.5; en-US; rv:1.9.2.3) Gecko/20100401 Firefox/3.6.3
Accept: */*
Accept-Language: en-us,en;q=0.5
Accept-Encoding: gzip,deflate
Accept-Charset: ISO-8859-1,utf-8;q=0.7,*;q=0.7
Keep-Alive: 115
Connection: keep-alive
Referer: http://misko.i:9876/slave/1/Runnerstrict.html
X-Requested-With: XMLHttpRequest
Content-Length: 0
Content-Type: text/plain; charset=UTF-8
Pragma: no-cache
Cache-Control: no-cache


Apr 8, 2010 2:08:35 PM com.google.jstestdriver.BrowserQueryResponseServlet doPost
FINEST: POST: POST /query/1 HTTP/1.1
Host: misko.i:9876
User-Agent: Mozilla/5.0 (Macintosh; U; Intel Mac OS X 10.5; en-US; rv:1.9.2.3) Gecko/20100401 Firefox/3.6.3
Accept: */*
Accept-Language: en-us,en;q=0.5
Accept-Encoding: gzip,deflate
Accept-Charset: ISO-8859-1,utf-8;q=0.7,*;q=0.7
Keep-Alive: 115
Connection: keep-alive
Referer: http://misko.i:9876/slave/1/Runnerstrict.html
Content-Type: text/plain; charset=UTF-8
X-Requested-With: XMLHttpRequest
Content-Length: 0
Pragma: no-cache
Cache-Control: no-cache


Apr 8, 2010 2:08:45 PM com.google.jstestdriver.BrowserQueryResponseServlet doPost
FINEST: POST: POST /query/1 HTTP/1.1
Host: misko.i:9876
User-Agent: Mozilla/5.0 (Macintosh; U; Intel Mac OS X 10.5; en-US; rv:1.9.2.3) Gecko/20100401 Firefox/3.6.3
Accept: */*
Accept-Language: en-us,en;q=0.5
Accept-Encoding: gzip,deflate
Accept-Charset: ISO-8859-1,utf-8;q=0.7,*;q=0.7
Keep-Alive: 115
Connection: keep-alive
Referer: http://misko.i:9876/slave/1/Runnerstrict.html
Content-Type: text/plain; charset=UTF-8
X-Requested-With: XMLHttpRequest
Content-Length: 0
Pragma: no-cache
Cache-Control: no-cache


Apr 8, 2010 2:08:55 PM com.google.jstestdriver.BrowserQueryResponseServlet doPost
FINEST: POST: POST /query/1 HTTP/1.1
Host: misko.i:9876
User-Agent: Mozilla/5.0 (Macintosh; U; Intel Mac OS X 10.5; en-US; rv:1.9.2.3) Gecko/20100401 Firefox/3.6.3
Accept: */*
Accept-Language: en-us,en;q=0.5
Accept-Encoding: gzip,deflate
Accept-Charset: ISO-8859-1,utf-8;q=0.7,*;q=0.7
Keep-Alive: 115
Connection: keep-alive
Referer: http://misko.i:9876/slave/1/Runnerstrict.html
X-Requested-With: XMLHttpRequest
Content-Length: 0
Content-Type: text/plain; charset=UTF-8
Pragma: no-cache
Cache-Control: no-cache


Apr 8, 2010 2:09:05 PM com.google.jstestdriver.BrowserQueryResponseServlet doPost
FINEST: POST: POST /query/1 HTTP/1.1
Host: misko.i:9876
User-Agent: Mozilla/5.0 (Macintosh; U; Intel Mac OS X 10.5; en-US; rv:1.9.2.3) Gecko/20100401 Firefox/3.6.3
Accept: */*
Accept-Language: en-us,en;q=0.5
Accept-Encoding: gzip,deflate
Accept-Charset: ISO-8859-1,utf-8;q=0.7,*;q=0.7
Keep-Alive: 115
Connection: keep-alive
Referer: http://misko.i:9876/slave/1/Runnerstrict.html
Content-Type: text/plain; charset=UTF-8
X-Requested-With: XMLHttpRequest
Content-Length: 0
Pragma: no-cache
Cache-Control: no-cache


Apr 8, 2010 2:09:15 PM com.google.jstestdriver.BrowserQueryResponseServlet doPost
FINEST: POST: POST /query/1 HTTP/1.1
Host: misko.i:9876
User-Agent: Mozilla/5.0 (Macintosh; U; Intel Mac OS X 10.5; en-US; rv:1.9.2.3) Gecko/20100401 Firefox/3.6.3
Accept: */*
Accept-Language: en-us,en;q=0.5
Accept-Encoding: gzip,deflate
Accept-Charset: ISO-8859-1,utf-8;q=0.7,*;q=0.7
Keep-Alive: 115
Connection: keep-alive
Referer: http://misko.i:9876/slave/1/Runnerstrict.html
Content-Type: text/plain; charset=UTF-8
X-Requested-With: XMLHttpRequest
Content-Length: 0
Pragma: no-cache
Cache-Control: no-cache


Apr 8, 2010 2:09:25 PM com.google.jstestdriver.BrowserQueryResponseServlet doPost
FINEST: POST: POST /query/1 HTTP/1.1
Host: misko.i:9876
User-Agent: Mozilla/5.0 (Macintosh; U; Intel Mac OS X 10.5; en-US; rv:1.9.2.3) Gecko/20100401 Firefox/3.6.3
Accept: */*
Accept-Language: en-us,en;q=0.5
Accept-Encoding: gzip,deflate
Accept-Charset: ISO-8859-1,utf-8;q=0.7,*;q=0.7
Keep-Alive: 115
Connection: keep-alive
Referer: http://misko.i:9876/slave/1/Runnerstrict.html
X-Requested-With: XMLHttpRequest
Content-Length: 0
Content-Type: text/plain; charset=UTF-8
Pragma: no-cache
Cache-Control: no-cache


Apr 8, 2010 2:09:35 PM com.google.jstestdriver.BrowserQueryResponseServlet doPost
FINEST: POST: POST /query/1 HTTP/1.1
Host: misko.i:9876
User-Agent: Mozilla/5.0 (Macintosh; U; Intel Mac OS X 10.5; en-US; rv:1.9.2.3) Gecko/20100401 Firefox/3.6.3
Accept: */*
Accept-Language: en-us,en;q=0.5
Accept-Encoding: gzip,deflate
Accept-Charset: ISO-8859-1,utf-8;q=0.7,*;q=0.7
Keep-Alive: 115
Connection: keep-alive
Referer: http://misko.i:9876/slave/1/Runnerstrict.html
Content-Type: text/plain; charset=UTF-8
X-Requested-With: XMLHttpRequest
Content-Length: 0
Pragma: no-cache
Cache-Control: no-cache


Apr 8, 2010 2:09:45 PM com.google.jstestdriver.BrowserQueryResponseServlet doPost
FINEST: POST: POST /query/1 HTTP/1.1
Host: misko.i:9876
User-Agent: Mozilla/5.0 (Macintosh; U; Intel Mac OS X 10.5; en-US; rv:1.9.2.3) Gecko/20100401 Firefox/3.6.3
Accept: */*
Accept-Language: en-us,en;q=0.5
Accept-Encoding: gzip,deflate
Accept-Charset: ISO-8859-1,utf-8;q=0.7,*;q=0.7
Keep-Alive: 115
Connection: keep-alive
Referer: http://misko.i:9876/slave/1/Runnerstrict.html
Content-Type: text/plain; charset=UTF-8
X-Requested-With: XMLHttpRequest
Content-Length: 0
Pragma: no-cache
Cache-Control: no-cache


Apr 8, 2010 2:09:55 PM com.google.jstestdriver.BrowserQueryResponseServlet doPost
FINEST: POST: POST /query/1 HTTP/1.1
Host: misko.i:9876
User-Agent: Mozilla/5.0 (Macintosh; U; Intel Mac OS X 10.5; en-US; rv:1.9.2.3) Gecko/20100401 Firefox/3.6.3
Accept: */*
Accept-Language: en-us,en;q=0.5
Accept-Encoding: gzip,deflate
Accept-Charset: ISO-8859-1,utf-8;q=0.7,*;q=0.7
Keep-Alive: 115
Connection: keep-alive
Referer: http://misko.i:9876/slave/1/Runnerstrict.html
Pragma: no-cache
Cache-Control: no-cache
Content-Type: text/plain; charset=UTF-8
X-Requested-With: XMLHttpRequest
Content-Length: 0


Apr 8, 2010 2:10:05 PM com.google.jstestdriver.BrowserQueryResponseServlet doPost
FINEST: POST: POST /query/1 HTTP/1.1
Host: misko.i:9876
User-Agent: Mozilla/5.0 (Macintosh; U; Intel Mac OS X 10.5; en-US; rv:1.9.2.3) Gecko/20100401 Firefox/3.6.3
Accept: */*
Accept-Language: en-us,en;q=0.5
Accept-Encoding: gzip,deflate
Accept-Charset: ISO-8859-1,utf-8;q=0.7,*;q=0.7
Keep-Alive: 115
Connection: keep-alive
Referer: http://misko.i:9876/slave/1/Runnerstrict.html
Content-Type: text/plain; charset=UTF-8
X-Requested-With: XMLHttpRequest
Content-Length: 0
Pragma: no-cache
Cache-Control: no-cache


Apr 8, 2010 2:10:15 PM com.google.jstestdriver.BrowserQueryResponseServlet doPost
FINEST: POST: POST /query/1 HTTP/1.1
Host: misko.i:9876
User-Agent: Mozilla/5.0 (Macintosh; U; Intel Mac OS X 10.5; en-US; rv:1.9.2.3) Gecko/20100401 Firefox/3.6.3
Accept: */*
Accept-Language: en-us,en;q=0.5
Accept-Encoding: gzip,deflate
Accept-Charset: ISO-8859-1,utf-8;q=0.7,*;q=0.7
Keep-Alive: 115
Connection: keep-alive
Referer: http://misko.i:9876/slave/1/Runnerstrict.html
Content-Type: text/plain; charset=UTF-8
X-Requested-With: XMLHttpRequest
Content-Length: 0
Pragma: no-cache
Cache-Control: no-cache


Apr 8, 2010 2:10:25 PM com.google.jstestdriver.BrowserQueryResponseServlet doPost
FINEST: POST: POST /query/1 HTTP/1.1
Host: misko.i:9876
User-Agent: Mozilla/5.0 (Macintosh; U; Intel Mac OS X 10.5; en-US; rv:1.9.2.3) Gecko/20100401 Firefox/3.6.3
Accept: */*
Accept-Language: en-us,en;q=0.5
Accept-Encoding: gzip,deflate
Accept-Charset: ISO-8859-1,utf-8;q=0.7,*;q=0.7
Keep-Alive: 115
Connection: keep-alive
Referer: http://misko.i:9876/slave/1/Runnerstrict.html
X-Requested-With: XMLHttpRequest
Content-Length: 0
Content-Type: text/plain; charset=UTF-8
Pragma: no-cache
Cache-Control: no-cache


Apr 8, 2010 2:10:35 PM com.google.jstestdriver.BrowserQueryResponseServlet doPost
FINEST: POST: POST /query/1 HTTP/1.1
Host: misko.i:9876
User-Agent: Mozilla/5.0 (Macintosh; U; Intel Mac OS X 10.5; en-US; rv:1.9.2.3) Gecko/20100401 Firefox/3.6.3
Accept: */*
Accept-Language: en-us,en;q=0.5
Accept-Encoding: gzip,deflate
Accept-Charset: ISO-8859-1,utf-8;q=0.7,*;q=0.7
Keep-Alive: 115
Connection: keep-alive
Referer: http://misko.i:9876/slave/1/Runnerstrict.html
X-Requested-With: XMLHttpRequest
Content-Length: 0
Content-Type: text/plain; charset=UTF-8
Pragma: no-cache
Cache-Control: no-cache


Apr 8, 2010 2:10:45 PM com.google.jstestdriver.BrowserQueryResponseServlet doPost
FINEST: POST: POST /query/1 HTTP/1.1
Host: misko.i:9876
User-Agent: Mozilla/5.0 (Macintosh; U; Intel Mac OS X 10.5; en-US; rv:1.9.2.3) Gecko/20100401 Firefox/3.6.3
Accept: */*
Accept-Language: en-us,en;q=0.5
Accept-Encoding: gzip,deflate
Accept-Charset: ISO-8859-1,utf-8;q=0.7,*;q=0.7
Keep-Alive: 115
Connection: keep-alive
Referer: http://misko.i:9876/slave/1/Runnerstrict.html
X-Requested-With: XMLHttpRequest
Content-Length: 0
Content-Type: text/plain; charset=UTF-8
Pragma: no-cache
Cache-Control: no-cache


Apr 8, 2010 2:10:55 PM com.google.jstestdriver.BrowserQueryResponseServlet doPost
FINEST: POST: POST /query/1?start HTTP/1.1
Host: misko.i:9876
User-Agent: Mozilla/5.0 (Macintosh; U; Intel Mac OS X 10.5; en-US; rv:1.9.2.3) Gecko/20100401 Firefox/3.6.3
Accept: */*
Accept-Language: en-us,en;q=0.5
Accept-Encoding: gzip,deflate
Accept-Charset: ISO-8859-1,utf-8;q=0.7,*;q=0.7
Keep-Alive: 115
Connection: keep-alive
Referer: http://misko.i:9876/slave/1/Runnerstrict.html
Content-Type: text/plain; charset=UTF-8
X-Requested-With: XMLHttpRequest
Content-Length: 0
Pragma: no-cache
Cache-Control: no-cache


Apr 8, 2010 2:10:56 PM com.google.jstestdriver.BrowserQueryResponseServlet doPost
FINEST: POST: POST /query/1 HTTP/1.1
Host: misko.i:9876
User-Agent: Mozilla/5.0 (Macintosh; U; Intel Mac OS X 10.5; en-US; rv:1.9.2.3) Gecko/20100401 Firefox/3.6.3
Accept: */*
Accept-Language: en-us,en;q=0.5
Accept-Encoding: gzip,deflate
Accept-Charset: ISO-8859-1,utf-8;q=0.7,*;q=0.7
Keep-Alive: 115
Connection: keep-alive
Referer: http://misko.i:9876/slave/1/Runnerstrict.html
Pragma: no-cache
Cache-Control: no-cache
Content-Type: text/plain; charset=UTF-8
X-Requested-With: XMLHttpRequest
Content-Length: 0


